<?xml version="1.0" encoding="UTF-8"?>
<testsuite xmlns:xsi="http://www.w3.org/2001/XMLSchema-instance" xsi:noNamespaceSchemaLocation="https://maven.apache.org/surefire/maven-surefire-plugin/xsd/surefire-test-report-3.0.xsd" version="3.0" name="com.taxifleet.services.BookingServiceTest" time="0.694" tests="6" errors="1" skipped="0" failures="0">
  <properties>
    <property name="java.specification.version" value="22"/>
    <property name="sun.jnu.encoding" value="UTF-8"/>
    <property name="java.class.path" value="/Users/akshayadak/Desktop/Akshay Project/Taxi Management/target/test-classes:/Users/akshayadak/Desktop/Akshay Project/Taxi Management/target/classes:/Users/akshayadak/.m2/repository/io/dropwizard/dropwizard-core/2.0.25/dropwizard-core-2.0.25.jar:/Users/akshayadak/.m2/repository/io/dropwizard/dropwizard-util/2.0.25/dropwizard-util-2.0.25.jar:/Users/akshayadak/.m2/repository/io/dropwizard/dropwizard-jackson/2.0.25/dropwizard-jackson-2.0.25.jar:/Users/akshayadak/.m2/repository/com/github/ben-manes/caffeine/caffeine/2.9.2/caffeine-2.9.2.jar:/Users/akshayadak/.m2/repository/org/checkerframework/checker-qual/3.10.0/checker-qual-3.10.0.jar:/Users/akshayadak/.m2/repository/com/fasterxml/jackson/core/jackson-core/2.10.5/jackson-core-2.10.5.jar:/Users/akshayadak/.m2/repository/com/fasterxml/jackson/datatype/jackson-datatype-guava/2.10.5/jackson-datatype-guava-2.10.5.jar:/Users/akshayadak/.m2/repository/com/fasterxml/jackson/datatype/jackson-datatype-jsr310/2.10.5/jackson-datatype-jsr310-2.10.5.jar:/Users/akshayadak/.m2/repository/com/fasterxml/jackson/datatype/jackson-datatype-jdk8/2.10.5/jackson-datatype-jdk8-2.10.5.jar:/Users/akshayadak/.m2/repository/com/fasterxml/jackson/module/jackson-module-parameter-names/2.10.5/jackson-module-parameter-names-2.10.5.jar:/Users/akshayadak/.m2/repository/com/fasterxml/jackson/module/jackson-module-afterburner/2.10.5/jackson-module-afterburner-2.10.5.jar:/Users/akshayadak/.m2/repository/com/fasterxml/jackson/datatype/jackson-datatype-joda/2.10.5/jackson-datatype-joda-2.10.5.jar:/Users/akshayadak/.m2/repository/io/dropwizard/dropwizard-validation/2.0.25/dropwizard-validation-2.0.25.jar:/Users/akshayadak/.m2/repository/org/glassfish/jakarta.el/3.0.4/jakarta.el-3.0.4.jar:/Users/akshayadak/.m2/repository/io/dropwizard/dropwizard-configuration/2.0.25/dropwizard-configuration-2.0.25.jar:/Users/akshayadak/.m2/repository/org/apache/commons/commons-text/1.9/commons-text-1.9.jar:/Users/akshayadak/.m2/repository/io/dropwizard/dropwizard-logging/2.0.25/dropwizard-logging-2.0.25.jar:/Users/akshayadak/.m2/repository/io/dropwizard/metrics/metrics-logback/4.1.25/metrics-logback-4.1.25.jar:/Users/akshayadak/.m2/repository/org/slf4j/jul-to-slf4j/1.7.32/jul-to-slf4j-1.7.32.jar:/Users/akshayadak/.m2/repository/ch/qos/logback/logback-core/1.2.5/logback-core-1.2.5.jar:/Users/akshayadak/.m2/repository/io/dropwizard/logback/logback-throttling-appender/1.1.3/logback-throttling-appender-1.1.3.jar:/Users/akshayadak/.m2/repository/org/slf4j/log4j-over-slf4j/1.7.32/log4j-over-slf4j-1.7.32.jar:/Users/akshayadak/.m2/repository/org/slf4j/jcl-over-slf4j/1.7.32/jcl-over-slf4j-1.7.32.jar:/Users/akshayadak/.m2/repository/io/dropwizard/dropwizard-metrics/2.0.25/dropwizard-metrics-2.0.25.jar:/Users/akshayadak/.m2/repository/io/dropwizard/dropwizard-jersey/2.0.25/dropwizard-jersey-2.0.25.jar:/Users/akshayadak/.m2/repository/org/glassfish/jersey/ext/jersey-metainf-services/2.33/jersey-metainf-services-2.33.jar:/Users/akshayadak/.m2/repository/org/glassfish/jersey/inject/jersey-hk2/2.33/jersey-hk2-2.33.jar:/Users/akshayadak/.m2/repository/org/glassfish/hk2/hk2-locator/2.6.1/hk2-locator-2.6.1.jar:/Users/akshayadak/.m2/repository/io/dropwizard/metrics/metrics-jersey2/4.1.25/metrics-jersey2-4.1.25.jar:/Users/akshayadak/.m2/repository/com/fasterxml/jackson/jaxrs/jackson-jaxrs-json-provider/2.10.5/jackson-jaxrs-json-provider-2.10.5.jar:/Users/akshayadak/.m2/repository/com/fasterxml/jackson/jaxrs/jackson-jaxrs-base/2.10.5/jackson-jaxrs-base-2.10.5.jar:/Users/akshayadak/.m2/repository/com/fasterxml/jackson/module/jackson-module-jaxb-annotations/2.10.5/jackson-module-jaxb-annotations-2.10.5.jar:/Users/akshayadak/.m2/repository/jakarta/annotation/jakarta.annotation-api/1.3.5/jakarta.annotation-api-1.3.5.jar:/Users/akshayadak/.m2/repository/org/glassfish/hk2/hk2-api/2.6.1/hk2-api-2.6.1.jar:/Users/akshayadak/.m2/repository/org/glassfish/hk2/hk2-utils/2.6.1/hk2-utils-2.6.1.jar:/Users/akshayadak/.m2/repository/org/glassfish/hk2/external/aopalliance-repackaged/2.6.1/aopalliance-repackaged-2.6.1.jar:/Users/akshayadak/.m2/repository/org/glassfish/jersey/containers/jersey-container-servlet/2.33/jersey-container-servlet-2.33.jar:/Users/akshayadak/.m2/repository/org/eclipse/jetty/jetty-io/9.4.43.v20210629/jetty-io-9.4.43.v20210629.jar:/Users/akshayadak/.m2/repository/io/dropwizard/dropwizard-servlets/2.0.25/dropwizard-servlets-2.0.25.jar:/Users/akshayadak/.m2/repository/io/dropwizard/metrics/metrics-annotation/4.1.25/metrics-annotation-4.1.25.jar:/Users/akshayadak/.m2/repository/io/dropwizard/dropwizard-jetty/2.0.25/dropwizard-jetty-2.0.25.jar:/Users/akshayadak/.m2/repository/org/eclipse/jetty/jetty-servlets/9.4.43.v20210629/jetty-servlets-9.4.43.v20210629.jar:/Users/akshayadak/.m2/repository/org/eclipse/jetty/jetty-continuation/9.4.43.v20210629/jetty-continuation-9.4.43.v20210629.jar:/Users/akshayadak/.m2/repository/org/eclipse/jetty/jetty-http/9.4.43.v20210629/jetty-http-9.4.43.v20210629.jar:/Users/akshayadak/.m2/repository/io/dropwizard/dropwizard-lifecycle/2.0.25/dropwizard-lifecycle-2.0.25.jar:/Users/akshayadak/.m2/repository/io/dropwizard/metrics/metrics-core/4.1.25/metrics-core-4.1.25.jar:/Users/akshayadak/.m2/repository/io/dropwizard/metrics/metrics-jetty9/4.1.25/metrics-jetty9-4.1.25.jar:/Users/akshayadak/.m2/repository/io/dropwizard/metrics/metrics-jvm/4.1.25/metrics-jvm-4.1.25.jar:/Users/akshayadak/.m2/repository/io/dropwizard/metrics/metrics-jmx/4.1.25/metrics-jmx-4.1.25.jar:/Users/akshayadak/.m2/repository/io/dropwizard/metrics/metrics-servlets/4.1.25/metrics-servlets-4.1.25.jar:/Users/akshayadak/.m2/repository/io/dropwizard/metrics/metrics-json/4.1.25/metrics-json-4.1.25.jar:/Users/akshayadak/.m2/repository/com/helger/profiler/1.1.1/profiler-1.1.1.jar:/Users/akshayadak/.m2/repository/io/dropwizard/metrics/metrics-healthchecks/4.1.25/metrics-healthchecks-4.1.25.jar:/Users/akshayadak/.m2/repository/io/dropwizard/dropwizard-request-logging/2.0.25/dropwizard-request-logging-2.0.25.jar:/Users/akshayadak/.m2/repository/ch/qos/logback/logback-access/1.2.5/logback-access-1.2.5.jar:/Users/akshayadak/.m2/repository/ch/qos/logback/logback-classic/1.2.5/logback-classic-1.2.5.jar:/Users/akshayadak/.m2/repository/com/fasterxml/jackson/core/jackson-annotations/2.10.5/jackson-annotations-2.10.5.jar:/Users/akshayadak/.m2/repository/com/fasterxml/jackson/core/jackson-databind/2.10.5.1/jackson-databind-2.10.5.1.jar:/Users/akshayadak/.m2/repository/com/google/code/findbugs/jsr305/3.0.2/jsr305-3.0.2.jar:/Users/akshayadak/.m2/repository/jakarta/servlet/jakarta.servlet-api/4.0.4/jakarta.servlet-api-4.0.4.jar:/Users/akshayadak/.m2/repository/jakarta/validation/jakarta.validation-api/2.0.2/jakarta.validation-api-2.0.2.jar:/Users/akshayadak/.m2/repository/jakarta/ws/rs/jakarta.ws.rs-api/2.1.6/jakarta.ws.rs-api-2.1.6.jar:/Users/akshayadak/.m2/repository/net/sourceforge/argparse4j/argparse4j/0.8.1/argparse4j-0.8.1.jar:/Users/akshayadak/.m2/repository/org/eclipse/jetty/jetty-security/9.4.43.v20210629/jetty-security-9.4.43.v20210629.jar:/Users/akshayadak/.m2/repository/org/eclipse/jetty/jetty-server/9.4.43.v20210629/jetty-server-9.4.43.v20210629.jar:/Users/akshayadak/.m2/repository/org/eclipse/jetty/jetty-servlet/9.4.43.v20210629/jetty-servlet-9.4.43.v20210629.jar:/Users/akshayadak/.m2/repository/org/eclipse/jetty/jetty-util-ajax/9.4.43.v20210629/jetty-util-ajax-9.4.43.v20210629.jar:/Users/akshayadak/.m2/repository/org/eclipse/jetty/jetty-util/9.4.43.v20210629/jetty-util-9.4.43.v20210629.jar:/Users/akshayadak/.m2/repository/org/eclipse/jetty/toolchain/setuid/jetty-setuid-java/1.0.4/jetty-setuid-java-1.0.4.jar:/Users/akshayadak/.m2/repository/org/glassfish/hk2/external/jakarta.inject/2.6.1/jakarta.inject-2.6.1.jar:/Users/akshayadak/.m2/repository/org/glassfish/jersey/core/jersey-common/2.33/jersey-common-2.33.jar:/Users/akshayadak/.m2/repository/org/glassfish/hk2/osgi-resource-locator/1.0.3/osgi-resource-locator-1.0.3.jar:/Users/akshayadak/.m2/repository/org/glassfish/jersey/ext/jersey-bean-validation/2.33/jersey-bean-validation-2.33.jar:/Users/akshayadak/.m2/repository/org/hibernate/validator/hibernate-validator/6.1.7.Final/hibernate-validator-6.1.7.Final.jar:/Users/akshayadak/.m2/repository/org/slf4j/slf4j-api/1.7.32/slf4j-api-1.7.32.jar:/Users/akshayadak/.m2/repository/io/dropwizard/dropwizard-hibernate/2.0.25/dropwizard-hibernate-2.0.25.jar:/Users/akshayadak/.m2/repository/com/fasterxml/jackson/datatype/jackson-datatype-hibernate5/2.10.5/jackson-datatype-hibernate5-2.10.5.jar:/Users/akshayadak/.m2/repository/javax/transaction/javax.transaction-api/1.3/javax.transaction-api-1.3.jar:/Users/akshayadak/.m2/repository/javax/persistence/javax.persistence-api/2.2/javax.persistence-api-2.2.jar:/Users/akshayadak/.m2/repository/joda-time/joda-time/2.10.10/joda-time-2.10.10.jar:/Users/akshayadak/.m2/repository/org/apache/tomcat/tomcat-jdbc/9.0.52/tomcat-jdbc-9.0.52.jar:/Users/akshayadak/.m2/repository/org/apache/tomcat/tomcat-juli/9.0.52/tomcat-juli-9.0.52.jar:/Users/akshayadak/.m2/repository/org/glassfish/jersey/core/jersey-client/2.33/jersey-client-2.33.jar:/Users/akshayadak/.m2/repository/org/glassfish/jersey/core/jersey-server/2.33/jersey-server-2.33.jar:/Users/akshayadak/.m2/repository/org/javassist/javassist/3.28.0-GA/javassist-3.28.0-GA.jar:/Users/akshayadak/.m2/repository/org/jadira/usertype/usertype.core/7.0.0.CR1/usertype.core-7.0.0.CR1.jar:/Users/akshayadak/.m2/repository/org/jadira/usertype/usertype.spi/7.0.0.CR1/usertype.spi-7.0.0.CR1.jar:/Users/akshayadak/.m2/repository/jakarta/activation/jakarta.activation-api/1.2.2/jakarta.activation-api-1.2.2.jar:/Users/akshayadak/.m2/repository/jakarta/xml/bind/jakarta.xml.bind-api/2.3.3/jakarta.xml.bind-api-2.3.3.jar:/Users/akshayadak/.m2/repository/io/dropwizard/dropwizard-db/2.0.25/dropwizard-db-2.0.25.jar:/Users/akshayadak/.m2/repository/org/hibernate/hibernate-core/5.4.30.Final/hibernate-core-5.4.30.Final.jar:/Users/akshayadak/.m2/repository/org/jboss/logging/jboss-logging/3.4.1.Final/jboss-logging-3.4.1.Final.jar:/Users/akshayadak/.m2/repository/net/bytebuddy/byte-buddy/1.10.21/byte-buddy-1.10.21.jar:/Users/akshayadak/.m2/repository/antlr/antlr/2.7.7/antlr-2.7.7.jar:/Users/akshayadak/.m2/repository/org/jboss/spec/javax/transaction/jboss-transaction-api_1.2_spec/1.1.1.Final/jboss-transaction-api_1.2_spec-1.1.1.Final.jar:/Users/akshayadak/.m2/repository/org/jboss/jandex/2.2.3.Final/jandex-2.2.3.Final.jar:/Users/akshayadak/.m2/repository/com/fasterxml/classmate/1.5.1/classmate-1.5.1.jar:/Users/akshayadak/.m2/repository/javax/activation/javax.activation-api/1.2.0/javax.activation-api-1.2.0.jar:/Users/akshayadak/.m2/repository/org/dom4j/dom4j/2.1.3/dom4j-2.1.3.jar:/Users/akshayadak/.m2/repository/org/hibernate/common/hibernate-commons-annotations/5.1.2.Final/hibernate-commons-annotations-5.1.2.Final.jar:/Users/akshayadak/.m2/repository/javax/xml/bind/jaxb-api/2.3.1/jaxb-api-2.3.1.jar:/Users/akshayadak/.m2/repository/org/glassfish/jaxb/jaxb-runtime/2.3.1/jaxb-runtime-2.3.1.jar:/Users/akshayadak/.m2/repository/org/glassfish/jaxb/txw2/2.3.1/txw2-2.3.1.jar:/Users/akshayadak/.m2/repository/com/sun/istack/istack-commons-runtime/3.0.7/istack-commons-runtime-3.0.7.jar:/Users/akshayadak/.m2/repository/org/jvnet/staxex/stax-ex/1.8/stax-ex-1.8.jar:/Users/akshayadak/.m2/repository/com/sun/xml/fastinfoset/FastInfoset/1.2.15/FastInfoset-1.2.15.jar:/Users/akshayadak/.m2/repository/com/h2database/h2/1.4.200/h2-1.4.200.jar:/Users/akshayadak/.m2/repository/io/jsonwebtoken/jjwt-jackson/0.12.6/jjwt-jackson-0.12.6.jar:/Users/akshayadak/.m2/repository/io/jsonwebtoken/jjwt-impl/0.12.6/jjwt-impl-0.12.6.jar:/Users/akshayadak/.m2/repository/io/jsonwebtoken/jjwt-api/0.12.6/jjwt-api-0.12.6.jar:/Users/akshayadak/.m2/repository/io/swagger/swagger-jersey2-jaxrs/1.5.22/swagger-jersey2-jaxrs-1.5.22.jar:/Users/akshayadak/.m2/repository/org/glassfish/jersey/containers/jersey-container-servlet-core/2.25.1/jersey-container-servlet-core-2.25.1.jar:/Users/akshayadak/.m2/repository/org/glassfish/hk2/external/javax.inject/2.5.0-b32/javax.inject-2.5.0-b32.jar:/Users/akshayadak/.m2/repository/javax/ws/rs/javax.ws.rs-api/2.0.1/javax.ws.rs-api-2.0.1.jar:/Users/akshayadak/.m2/repository/org/glassfish/jersey/media/jersey-media-multipart/2.25.1/jersey-media-multipart-2.25.1.jar:/Users/akshayadak/.m2/repository/org/jvnet/mimepull/mimepull/1.9.6/mimepull-1.9.6.jar:/Users/akshayadak/.m2/repository/io/swagger/swagger-core/1.5.22/swagger-core-1.5.22.jar:/Users/akshayadak/.m2/repository/org/apache/commons/commons-lang3/3.2.1/commons-lang3-3.2.1.jar:/Users/akshayadak/.m2/repository/com/fasterxml/jackson/dataformat/jackson-dataformat-yaml/2.9.8/jackson-dataformat-yaml-2.9.8.jar:/Users/akshayadak/.m2/repository/org/yaml/snakeyaml/1.23/snakeyaml-1.23.jar:/Users/akshayadak/.m2/repository/io/swagger/swagger-models/1.5.22/swagger-models-1.5.22.jar:/Users/akshayadak/.m2/repository/io/swagger/swagger-annotations/1.5.22/swagger-annotations-1.5.22.jar:/Users/akshayadak/.m2/repository/com/google/guava/guava/27.0.1-android/guava-27.0.1-android.jar:/Users/akshayadak/.m2/repository/com/google/guava/failureaccess/1.0.1/failureaccess-1.0.1.jar:/Users/akshayadak/.m2/repository/com/google/guava/listenablefuture/9999.0-empty-to-avoid-conflict-with-guava/listenablefuture-9999.0-empty-to-avoid-conflict-with-guava.jar:/Users/akshayadak/.m2/repository/org/checkerframework/checker-compat-qual/2.5.2/checker-compat-qual-2.5.2.jar:/Users/akshayadak/.m2/repository/com/google/errorprone/error_prone_annotations/2.2.0/error_prone_annotations-2.2.0.jar:/Users/akshayadak/.m2/repository/com/google/j2objc/j2objc-annotations/1.1/j2objc-annotations-1.1.jar:/Users/akshayadak/.m2/repository/org/codehaus/mojo/animal-sniffer-annotations/1.17/animal-sniffer-annotations-1.17.jar:/Users/akshayadak/.m2/repository/javax/validation/validation-api/1.1.0.Final/validation-api-1.1.0.Final.jar:/Users/akshayadak/.m2/repository/io/swagger/swagger-jaxrs/1.5.22/swagger-jaxrs-1.5.22.jar:/Users/akshayadak/.m2/repository/javax/ws/rs/jsr311-api/1.1.1/jsr311-api-1.1.1.jar:/Users/akshayadak/.m2/repository/org/reflections/reflections/0.9.11/reflections-0.9.11.jar:/Users/akshayadak/.m2/repository/com/google/inject/guice/5.0.1/guice-5.0.1.jar:/Users/akshayadak/.m2/repository/javax/inject/javax.inject/1/javax.inject-1.jar:/Users/akshayadak/.m2/repository/aopalliance/aopalliance/1.0/aopalliance-1.0.jar:/Users/akshayadak/.m2/repository/org/projectlombok/lombok/1.18.30/lombok-1.18.30.jar:/Users/akshayadak/.m2/repository/org/mockito/mockito-junit-jupiter/4.0.0/mockito-junit-jupiter-4.0.0.jar:/Users/akshayadak/.m2/repository/org/mockito/mockito-core/4.0.0/mockito-core-4.0.0.jar:/Users/akshayadak/.m2/repository/net/bytebuddy/byte-buddy-agent/1.11.19/byte-buddy-agent-1.11.19.jar:/Users/akshayadak/.m2/repository/org/objenesis/objenesis/3.2/objenesis-3.2.jar:/Users/akshayadak/.m2/repository/org/junit/jupiter/junit-jupiter-api/5.8.2/junit-jupiter-api-5.8.2.jar:/Users/akshayadak/.m2/repository/org/opentest4j/opentest4j/1.2.0/opentest4j-1.2.0.jar:/Users/akshayadak/.m2/repository/org/junit/platform/junit-platform-commons/1.8.2/junit-platform-commons-1.8.2.jar:/Users/akshayadak/.m2/repository/org/apiguardian/apiguardian-api/1.1.2/apiguardian-api-1.1.2.jar:/Users/akshayadak/.m2/repository/org/junit/jupiter/junit-jupiter-engine/5.8.2/junit-jupiter-engine-5.8.2.jar:/Users/akshayadak/.m2/repository/org/junit/platform/junit-platform-engine/1.8.2/junit-platform-engine-1.8.2.jar:/Users/akshayadak/.m2/repository/org/glassfish/jersey/bundles/repackaged/jersey-guava/2.6/jersey-guava-2.6.jar:"/>
    <property name="java.vm.vendor" value="Homebrew"/>
    <property name="sun.arch.data.model" value="64"/>
    <property name="java.vendor.url" value="https://github.com/Homebrew/homebrew-core/issues"/>
    <property name="os.name" value="Mac OS X"/>
    <property name="java.vm.specification.version" value="22"/>
    <property name="sun.java.launcher" value="SUN_STANDARD"/>
    <property name="user.country" value="IN"/>
    <property name="sun.boot.library.path" value="/usr/local/Cellar/openjdk/22.0.2/libexec/openjdk.jdk/Contents/Home/lib"/>
    <property name="sun.java.command" value="/Users/akshayadak/Desktop/Akshay Project/Taxi Management/target/surefire/surefirebooter17885612555597572820.jar /Users/akshayadak/Desktop/Akshay Project/Taxi Management/target/surefire 2024-08-18T12-49-32_403-jvmRun1 surefire16890725560545550243tmp surefire_08021348229121983847tmp"/>
    <property name="http.nonProxyHosts" value="local|*.local|169.254/16|*.169.254/16"/>
    <property name="jdk.debug" value="release"/>
    <property name="surefire.test.class.path" value="/Users/akshayadak/Desktop/Akshay Project/Taxi Management/target/test-classes:/Users/akshayadak/Desktop/Akshay Project/Taxi Management/target/classes:/Users/akshayadak/.m2/repository/io/dropwizard/dropwizard-core/2.0.25/dropwizard-core-2.0.25.jar:/Users/akshayadak/.m2/repository/io/dropwizard/dropwizard-util/2.0.25/dropwizard-util-2.0.25.jar:/Users/akshayadak/.m2/repository/io/dropwizard/dropwizard-jackson/2.0.25/dropwizard-jackson-2.0.25.jar:/Users/akshayadak/.m2/repository/com/github/ben-manes/caffeine/caffeine/2.9.2/caffeine-2.9.2.jar:/Users/akshayadak/.m2/repository/org/checkerframework/checker-qual/3.10.0/checker-qual-3.10.0.jar:/Users/akshayadak/.m2/repository/com/fasterxml/jackson/core/jackson-core/2.10.5/jackson-core-2.10.5.jar:/Users/akshayadak/.m2/repository/com/fasterxml/jackson/datatype/jackson-datatype-guava/2.10.5/jackson-datatype-guava-2.10.5.jar:/Users/akshayadak/.m2/repository/com/fasterxml/jackson/datatype/jackson-datatype-jsr310/2.10.5/jackson-datatype-jsr310-2.10.5.jar:/Users/akshayadak/.m2/repository/com/fasterxml/jackson/datatype/jackson-datatype-jdk8/2.10.5/jackson-datatype-jdk8-2.10.5.jar:/Users/akshayadak/.m2/repository/com/fasterxml/jackson/module/jackson-module-parameter-names/2.10.5/jackson-module-parameter-names-2.10.5.jar:/Users/akshayadak/.m2/repository/com/fasterxml/jackson/module/jackson-module-afterburner/2.10.5/jackson-module-afterburner-2.10.5.jar:/Users/akshayadak/.m2/repository/com/fasterxml/jackson/datatype/jackson-datatype-joda/2.10.5/jackson-datatype-joda-2.10.5.jar:/Users/akshayadak/.m2/repository/io/dropwizard/dropwizard-validation/2.0.25/dropwizard-validation-2.0.25.jar:/Users/akshayadak/.m2/repository/org/glassfish/jakarta.el/3.0.4/jakarta.el-3.0.4.jar:/Users/akshayadak/.m2/repository/io/dropwizard/dropwizard-configuration/2.0.25/dropwizard-configuration-2.0.25.jar:/Users/akshayadak/.m2/repository/org/apache/commons/commons-text/1.9/commons-text-1.9.jar:/Users/akshayadak/.m2/repository/io/dropwizard/dropwizard-logging/2.0.25/dropwizard-logging-2.0.25.jar:/Users/akshayadak/.m2/repository/io/dropwizard/metrics/metrics-logback/4.1.25/metrics-logback-4.1.25.jar:/Users/akshayadak/.m2/repository/org/slf4j/jul-to-slf4j/1.7.32/jul-to-slf4j-1.7.32.jar:/Users/akshayadak/.m2/repository/ch/qos/logback/logback-core/1.2.5/logback-core-1.2.5.jar:/Users/akshayadak/.m2/repository/io/dropwizard/logback/logback-throttling-appender/1.1.3/logback-throttling-appender-1.1.3.jar:/Users/akshayadak/.m2/repository/org/slf4j/log4j-over-slf4j/1.7.32/log4j-over-slf4j-1.7.32.jar:/Users/akshayadak/.m2/repository/org/slf4j/jcl-over-slf4j/1.7.32/jcl-over-slf4j-1.7.32.jar:/Users/akshayadak/.m2/repository/io/dropwizard/dropwizard-metrics/2.0.25/dropwizard-metrics-2.0.25.jar:/Users/akshayadak/.m2/repository/io/dropwizard/dropwizard-jersey/2.0.25/dropwizard-jersey-2.0.25.jar:/Users/akshayadak/.m2/repository/org/glassfish/jersey/ext/jersey-metainf-services/2.33/jersey-metainf-services-2.33.jar:/Users/akshayadak/.m2/repository/org/glassfish/jersey/inject/jersey-hk2/2.33/jersey-hk2-2.33.jar:/Users/akshayadak/.m2/repository/org/glassfish/hk2/hk2-locator/2.6.1/hk2-locator-2.6.1.jar:/Users/akshayadak/.m2/repository/io/dropwizard/metrics/metrics-jersey2/4.1.25/metrics-jersey2-4.1.25.jar:/Users/akshayadak/.m2/repository/com/fasterxml/jackson/jaxrs/jackson-jaxrs-json-provider/2.10.5/jackson-jaxrs-json-provider-2.10.5.jar:/Users/akshayadak/.m2/repository/com/fasterxml/jackson/jaxrs/jackson-jaxrs-base/2.10.5/jackson-jaxrs-base-2.10.5.jar:/Users/akshayadak/.m2/repository/com/fasterxml/jackson/module/jackson-module-jaxb-annotations/2.10.5/jackson-module-jaxb-annotations-2.10.5.jar:/Users/akshayadak/.m2/repository/jakarta/annotation/jakarta.annotation-api/1.3.5/jakarta.annotation-api-1.3.5.jar:/Users/akshayadak/.m2/repository/org/glassfish/hk2/hk2-api/2.6.1/hk2-api-2.6.1.jar:/Users/akshayadak/.m2/repository/org/glassfish/hk2/hk2-utils/2.6.1/hk2-utils-2.6.1.jar:/Users/akshayadak/.m2/repository/org/glassfish/hk2/external/aopalliance-repackaged/2.6.1/aopalliance-repackaged-2.6.1.jar:/Users/akshayadak/.m2/repository/org/glassfish/jersey/containers/jersey-container-servlet/2.33/jersey-container-servlet-2.33.jar:/Users/akshayadak/.m2/repository/org/eclipse/jetty/jetty-io/9.4.43.v20210629/jetty-io-9.4.43.v20210629.jar:/Users/akshayadak/.m2/repository/io/dropwizard/dropwizard-servlets/2.0.25/dropwizard-servlets-2.0.25.jar:/Users/akshayadak/.m2/repository/io/dropwizard/metrics/metrics-annotation/4.1.25/metrics-annotation-4.1.25.jar:/Users/akshayadak/.m2/repository/io/dropwizard/dropwizard-jetty/2.0.25/dropwizard-jetty-2.0.25.jar:/Users/akshayadak/.m2/repository/org/eclipse/jetty/jetty-servlets/9.4.43.v20210629/jetty-servlets-9.4.43.v20210629.jar:/Users/akshayadak/.m2/repository/org/eclipse/jetty/jetty-continuation/9.4.43.v20210629/jetty-continuation-9.4.43.v20210629.jar:/Users/akshayadak/.m2/repository/org/eclipse/jetty/jetty-http/9.4.43.v20210629/jetty-http-9.4.43.v20210629.jar:/Users/akshayadak/.m2/repository/io/dropwizard/dropwizard-lifecycle/2.0.25/dropwizard-lifecycle-2.0.25.jar:/Users/akshayadak/.m2/repository/io/dropwizard/metrics/metrics-core/4.1.25/metrics-core-4.1.25.jar:/Users/akshayadak/.m2/repository/io/dropwizard/metrics/metrics-jetty9/4.1.25/metrics-jetty9-4.1.25.jar:/Users/akshayadak/.m2/repository/io/dropwizard/metrics/metrics-jvm/4.1.25/metrics-jvm-4.1.25.jar:/Users/akshayadak/.m2/repository/io/dropwizard/metrics/metrics-jmx/4.1.25/metrics-jmx-4.1.25.jar:/Users/akshayadak/.m2/repository/io/dropwizard/metrics/metrics-servlets/4.1.25/metrics-servlets-4.1.25.jar:/Users/akshayadak/.m2/repository/io/dropwizard/metrics/metrics-json/4.1.25/metrics-json-4.1.25.jar:/Users/akshayadak/.m2/repository/com/helger/profiler/1.1.1/profiler-1.1.1.jar:/Users/akshayadak/.m2/repository/io/dropwizard/metrics/metrics-healthchecks/4.1.25/metrics-healthchecks-4.1.25.jar:/Users/akshayadak/.m2/repository/io/dropwizard/dropwizard-request-logging/2.0.25/dropwizard-request-logging-2.0.25.jar:/Users/akshayadak/.m2/repository/ch/qos/logback/logback-access/1.2.5/logback-access-1.2.5.jar:/Users/akshayadak/.m2/repository/ch/qos/logback/logback-classic/1.2.5/logback-classic-1.2.5.jar:/Users/akshayadak/.m2/repository/com/fasterxml/jackson/core/jackson-annotations/2.10.5/jackson-annotations-2.10.5.jar:/Users/akshayadak/.m2/repository/com/fasterxml/jackson/core/jackson-databind/2.10.5.1/jackson-databind-2.10.5.1.jar:/Users/akshayadak/.m2/repository/com/google/code/findbugs/jsr305/3.0.2/jsr305-3.0.2.jar:/Users/akshayadak/.m2/repository/jakarta/servlet/jakarta.servlet-api/4.0.4/jakarta.servlet-api-4.0.4.jar:/Users/akshayadak/.m2/repository/jakarta/validation/jakarta.validation-api/2.0.2/jakarta.validation-api-2.0.2.jar:/Users/akshayadak/.m2/repository/jakarta/ws/rs/jakarta.ws.rs-api/2.1.6/jakarta.ws.rs-api-2.1.6.jar:/Users/akshayadak/.m2/repository/net/sourceforge/argparse4j/argparse4j/0.8.1/argparse4j-0.8.1.jar:/Users/akshayadak/.m2/repository/org/eclipse/jetty/jetty-security/9.4.43.v20210629/jetty-security-9.4.43.v20210629.jar:/Users/akshayadak/.m2/repository/org/eclipse/jetty/jetty-server/9.4.43.v20210629/jetty-server-9.4.43.v20210629.jar:/Users/akshayadak/.m2/repository/org/eclipse/jetty/jetty-servlet/9.4.43.v20210629/jetty-servlet-9.4.43.v20210629.jar:/Users/akshayadak/.m2/repository/org/eclipse/jetty/jetty-util-ajax/9.4.43.v20210629/jetty-util-ajax-9.4.43.v20210629.jar:/Users/akshayadak/.m2/repository/org/eclipse/jetty/jetty-util/9.4.43.v20210629/jetty-util-9.4.43.v20210629.jar:/Users/akshayadak/.m2/repository/org/eclipse/jetty/toolchain/setuid/jetty-setuid-java/1.0.4/jetty-setuid-java-1.0.4.jar:/Users/akshayadak/.m2/repository/org/glassfish/hk2/external/jakarta.inject/2.6.1/jakarta.inject-2.6.1.jar:/Users/akshayadak/.m2/repository/org/glassfish/jersey/core/jersey-common/2.33/jersey-common-2.33.jar:/Users/akshayadak/.m2/repository/org/glassfish/hk2/osgi-resource-locator/1.0.3/osgi-resource-locator-1.0.3.jar:/Users/akshayadak/.m2/repository/org/glassfish/jersey/ext/jersey-bean-validation/2.33/jersey-bean-validation-2.33.jar:/Users/akshayadak/.m2/repository/org/hibernate/validator/hibernate-validator/6.1.7.Final/hibernate-validator-6.1.7.Final.jar:/Users/akshayadak/.m2/repository/org/slf4j/slf4j-api/1.7.32/slf4j-api-1.7.32.jar:/Users/akshayadak/.m2/repository/io/dropwizard/dropwizard-hibernate/2.0.25/dropwizard-hibernate-2.0.25.jar:/Users/akshayadak/.m2/repository/com/fasterxml/jackson/datatype/jackson-datatype-hibernate5/2.10.5/jackson-datatype-hibernate5-2.10.5.jar:/Users/akshayadak/.m2/repository/javax/transaction/javax.transaction-api/1.3/javax.transaction-api-1.3.jar:/Users/akshayadak/.m2/repository/javax/persistence/javax.persistence-api/2.2/javax.persistence-api-2.2.jar:/Users/akshayadak/.m2/repository/joda-time/joda-time/2.10.10/joda-time-2.10.10.jar:/Users/akshayadak/.m2/repository/org/apache/tomcat/tomcat-jdbc/9.0.52/tomcat-jdbc-9.0.52.jar:/Users/akshayadak/.m2/repository/org/apache/tomcat/tomcat-juli/9.0.52/tomcat-juli-9.0.52.jar:/Users/akshayadak/.m2/repository/org/glassfish/jersey/core/jersey-client/2.33/jersey-client-2.33.jar:/Users/akshayadak/.m2/repository/org/glassfish/jersey/core/jersey-server/2.33/jersey-server-2.33.jar:/Users/akshayadak/.m2/repository/org/javassist/javassist/3.28.0-GA/javassist-3.28.0-GA.jar:/Users/akshayadak/.m2/repository/org/jadira/usertype/usertype.core/7.0.0.CR1/usertype.core-7.0.0.CR1.jar:/Users/akshayadak/.m2/repository/org/jadira/usertype/usertype.spi/7.0.0.CR1/usertype.spi-7.0.0.CR1.jar:/Users/akshayadak/.m2/repository/jakarta/activation/jakarta.activation-api/1.2.2/jakarta.activation-api-1.2.2.jar:/Users/akshayadak/.m2/repository/jakarta/xml/bind/jakarta.xml.bind-api/2.3.3/jakarta.xml.bind-api-2.3.3.jar:/Users/akshayadak/.m2/repository/io/dropwizard/dropwizard-db/2.0.25/dropwizard-db-2.0.25.jar:/Users/akshayadak/.m2/repository/org/hibernate/hibernate-core/5.4.30.Final/hibernate-core-5.4.30.Final.jar:/Users/akshayadak/.m2/repository/org/jboss/logging/jboss-logging/3.4.1.Final/jboss-logging-3.4.1.Final.jar:/Users/akshayadak/.m2/repository/net/bytebuddy/byte-buddy/1.10.21/byte-buddy-1.10.21.jar:/Users/akshayadak/.m2/repository/antlr/antlr/2.7.7/antlr-2.7.7.jar:/Users/akshayadak/.m2/repository/org/jboss/spec/javax/transaction/jboss-transaction-api_1.2_spec/1.1.1.Final/jboss-transaction-api_1.2_spec-1.1.1.Final.jar:/Users/akshayadak/.m2/repository/org/jboss/jandex/2.2.3.Final/jandex-2.2.3.Final.jar:/Users/akshayadak/.m2/repository/com/fasterxml/classmate/1.5.1/classmate-1.5.1.jar:/Users/akshayadak/.m2/repository/javax/activation/javax.activation-api/1.2.0/javax.activation-api-1.2.0.jar:/Users/akshayadak/.m2/repository/org/dom4j/dom4j/2.1.3/dom4j-2.1.3.jar:/Users/akshayadak/.m2/repository/org/hibernate/common/hibernate-commons-annotations/5.1.2.Final/hibernate-commons-annotations-5.1.2.Final.jar:/Users/akshayadak/.m2/repository/javax/xml/bind/jaxb-api/2.3.1/jaxb-api-2.3.1.jar:/Users/akshayadak/.m2/repository/org/glassfish/jaxb/jaxb-runtime/2.3.1/jaxb-runtime-2.3.1.jar:/Users/akshayadak/.m2/repository/org/glassfish/jaxb/txw2/2.3.1/txw2-2.3.1.jar:/Users/akshayadak/.m2/repository/com/sun/istack/istack-commons-runtime/3.0.7/istack-commons-runtime-3.0.7.jar:/Users/akshayadak/.m2/repository/org/jvnet/staxex/stax-ex/1.8/stax-ex-1.8.jar:/Users/akshayadak/.m2/repository/com/sun/xml/fastinfoset/FastInfoset/1.2.15/FastInfoset-1.2.15.jar:/Users/akshayadak/.m2/repository/com/h2database/h2/1.4.200/h2-1.4.200.jar:/Users/akshayadak/.m2/repository/io/jsonwebtoken/jjwt-jackson/0.12.6/jjwt-jackson-0.12.6.jar:/Users/akshayadak/.m2/repository/io/jsonwebtoken/jjwt-impl/0.12.6/jjwt-impl-0.12.6.jar:/Users/akshayadak/.m2/repository/io/jsonwebtoken/jjwt-api/0.12.6/jjwt-api-0.12.6.jar:/Users/akshayadak/.m2/repository/io/swagger/swagger-jersey2-jaxrs/1.5.22/swagger-jersey2-jaxrs-1.5.22.jar:/Users/akshayadak/.m2/repository/org/glassfish/jersey/containers/jersey-container-servlet-core/2.25.1/jersey-container-servlet-core-2.25.1.jar:/Users/akshayadak/.m2/repository/org/glassfish/hk2/external/javax.inject/2.5.0-b32/javax.inject-2.5.0-b32.jar:/Users/akshayadak/.m2/repository/javax/ws/rs/javax.ws.rs-api/2.0.1/javax.ws.rs-api-2.0.1.jar:/Users/akshayadak/.m2/repository/org/glassfish/jersey/media/jersey-media-multipart/2.25.1/jersey-media-multipart-2.25.1.jar:/Users/akshayadak/.m2/repository/org/jvnet/mimepull/mimepull/1.9.6/mimepull-1.9.6.jar:/Users/akshayadak/.m2/repository/io/swagger/swagger-core/1.5.22/swagger-core-1.5.22.jar:/Users/akshayadak/.m2/repository/org/apache/commons/commons-lang3/3.2.1/commons-lang3-3.2.1.jar:/Users/akshayadak/.m2/repository/com/fasterxml/jackson/dataformat/jackson-dataformat-yaml/2.9.8/jackson-dataformat-yaml-2.9.8.jar:/Users/akshayadak/.m2/repository/org/yaml/snakeyaml/1.23/snakeyaml-1.23.jar:/Users/akshayadak/.m2/repository/io/swagger/swagger-models/1.5.22/swagger-models-1.5.22.jar:/Users/akshayadak/.m2/repository/io/swagger/swagger-annotations/1.5.22/swagger-annotations-1.5.22.jar:/Users/akshayadak/.m2/repository/com/google/guava/guava/27.0.1-android/guava-27.0.1-android.jar:/Users/akshayadak/.m2/repository/com/google/guava/failureaccess/1.0.1/failureaccess-1.0.1.jar:/Users/akshayadak/.m2/repository/com/google/guava/listenablefuture/9999.0-empty-to-avoid-conflict-with-guava/listenablefuture-9999.0-empty-to-avoid-conflict-with-guava.jar:/Users/akshayadak/.m2/repository/org/checkerframework/checker-compat-qual/2.5.2/checker-compat-qual-2.5.2.jar:/Users/akshayadak/.m2/repository/com/google/errorprone/error_prone_annotations/2.2.0/error_prone_annotations-2.2.0.jar:/Users/akshayadak/.m2/repository/com/google/j2objc/j2objc-annotations/1.1/j2objc-annotations-1.1.jar:/Users/akshayadak/.m2/repository/org/codehaus/mojo/animal-sniffer-annotations/1.17/animal-sniffer-annotations-1.17.jar:/Users/akshayadak/.m2/repository/javax/validation/validation-api/1.1.0.Final/validation-api-1.1.0.Final.jar:/Users/akshayadak/.m2/repository/io/swagger/swagger-jaxrs/1.5.22/swagger-jaxrs-1.5.22.jar:/Users/akshayadak/.m2/repository/javax/ws/rs/jsr311-api/1.1.1/jsr311-api-1.1.1.jar:/Users/akshayadak/.m2/repository/org/reflections/reflections/0.9.11/reflections-0.9.11.jar:/Users/akshayadak/.m2/repository/com/google/inject/guice/5.0.1/guice-5.0.1.jar:/Users/akshayadak/.m2/repository/javax/inject/javax.inject/1/javax.inject-1.jar:/Users/akshayadak/.m2/repository/aopalliance/aopalliance/1.0/aopalliance-1.0.jar:/Users/akshayadak/.m2/repository/org/projectlombok/lombok/1.18.30/lombok-1.18.30.jar:/Users/akshayadak/.m2/repository/org/mockito/mockito-junit-jupiter/4.0.0/mockito-junit-jupiter-4.0.0.jar:/Users/akshayadak/.m2/repository/org/mockito/mockito-core/4.0.0/mockito-core-4.0.0.jar:/Users/akshayadak/.m2/repository/net/bytebuddy/byte-buddy-agent/1.11.19/byte-buddy-agent-1.11.19.jar:/Users/akshayadak/.m2/repository/org/objenesis/objenesis/3.2/objenesis-3.2.jar:/Users/akshayadak/.m2/repository/org/junit/jupiter/junit-jupiter-api/5.8.2/junit-jupiter-api-5.8.2.jar:/Users/akshayadak/.m2/repository/org/opentest4j/opentest4j/1.2.0/opentest4j-1.2.0.jar:/Users/akshayadak/.m2/repository/org/junit/platform/junit-platform-commons/1.8.2/junit-platform-commons-1.8.2.jar:/Users/akshayadak/.m2/repository/org/apiguardian/apiguardian-api/1.1.2/apiguardian-api-1.1.2.jar:/Users/akshayadak/.m2/repository/org/junit/jupiter/junit-jupiter-engine/5.8.2/junit-jupiter-engine-5.8.2.jar:/Users/akshayadak/.m2/repository/org/junit/platform/junit-platform-engine/1.8.2/junit-platform-engine-1.8.2.jar:/Users/akshayadak/.m2/repository/org/glassfish/jersey/bundles/repackaged/jersey-guava/2.6/jersey-guava-2.6.jar:"/>
    <property name="sun.cpu.endian" value="little"/>
    <property name="user.home" value="/Users/akshayadak"/>
    <property name="user.language" value="en"/>
    <property name="java.specification.vendor" value="Oracle Corporation"/>
    <property name="java.version.date" value="2024-07-16"/>
    <property name="java.home" value="/usr/local/Cellar/openjdk/22.0.2/libexec/openjdk.jdk/Contents/Home"/>
    <property name="file.separator" value="/"/>
    <property name="basedir" value="/Users/akshayadak/Desktop/Akshay Project/Taxi Management"/>
    <property name="java.vm.compressedOopsMode" value="Zero based"/>
    <property name="line.separator" value="&#10;"/>
    <property name="java.vm.specification.vendor" value="Oracle Corporation"/>
    <property name="java.specification.name" value="Java Platform API Specification"/>
    <property name="apple.awt.application.name" value="ForkedBooter"/>
    <property name="surefire.real.class.path" value="/Users/akshayadak/Desktop/Akshay Project/Taxi Management/target/surefire/surefirebooter17885612555597572820.jar"/>
    <property name="sun.management.compiler" value="HotSpot 64-Bit Tiered Compilers"/>
    <property name="ftp.nonProxyHosts" value="local|*.local|169.254/16|*.169.254/16"/>
    <property name="java.runtime.version" value="22.0.2"/>
    <property name="user.name" value="akshayadak"/>
    <property name="stdout.encoding" value="UTF-8"/>
    <property name="path.separator" value=":"/>
    <property name="os.version" value="14.2.1"/>
    <property name="java.runtime.name" value="OpenJDK Runtime Environment"/>
    <property name="file.encoding" value="UTF-8"/>
    <property name="java.vm.name" value="OpenJDK 64-Bit Server VM"/>
    <property name="java.vendor.version" value="Homebrew"/>
    <property name="localRepository" value="/Users/akshayadak/.m2/repository"/>
    <property name="java.vendor.url.bug" value="https://github.com/Homebrew/homebrew-core/issues"/>
    <property name="java.io.tmpdir" value="/var/folders/5b/0f3_h9_d78l7x_ctt1wskrwr0000gn/T/"/>
    <property name="java.version" value="22.0.2"/>
    <property name="user.dir" value="/Users/akshayadak/Desktop/Akshay Project/Taxi Management"/>
    <property name="os.arch" value="x86_64"/>
    <property name="java.vm.specification.name" value="Java Virtual Machine Specification"/>
    <property name="native.encoding" value="UTF-8"/>
    <property name="java.library.path" value="/Users/akshayadak/Library/Java/Extensions:/Library/Java/Extensions:/Network/Library/Java/Extensions:/System/Library/Java/Extensions:/usr/lib/java:."/>
    <property name="java.vm.info" value="mixed mode, sharing"/>
    <property name="stderr.encoding" value="UTF-8"/>
    <property name="java.vendor" value="Homebrew"/>
    <property name="java.vm.version" value="22.0.2"/>
    <property name="sun.io.unicode.encoding" value="UnicodeBig"/>
    <property name="socksNonProxyHosts" value="local|*.local|169.254/16|*.169.254/16"/>
    <property name="java.class.version" value="66.0"/>
  </properties>
  <testcase name="testGetBookings" classname="com.taxifleet.services.BookingServiceTest" time="0.635"/>
  <testcase name="testDispatchBookingWithNullStrategy" classname="com.taxifleet.services.BookingServiceTest" time="0.003"/>
  <testcase name="testCreateBooking" classname="com.taxifleet.services.BookingServiceTest" time="0.004"/>
  <testcase name="testGetBooking" classname="com.taxifleet.services.BookingServiceTest" time="0.003"/>
  <testcase name="testDeleteBooking" classname="com.taxifleet.services.BookingServiceTest" time="0.004"/>
  <testcase name="testDispatchBookingWithValidStrategy" classname="com.taxifleet.services.BookingServiceTest" time="0.009">
    <error type="org.mockito.exceptions.misusing.InvalidUseOfMatchersException"><![CDATA[org.mockito.exceptions.misusing.InvalidUseOfMatchersException: 

Invalid use of argument matchers!
1 matchers expected, 3 recorded:
-> at com.taxifleet.services.BookingServiceTest.testDispatchBookingWithValidStrategy(BookingServiceTest.java:43)
-> at com.taxifleet.services.BookingServiceTest.testDispatchBookingWithValidStrategy(BookingServiceTest.java:43)
-> at com.taxifleet.services.BookingServiceTest.testDispatchBookingWithValidStrategy(BookingServiceTest.java:44)

This exception may occur if matchers are combined with raw values:
    //incorrect:
    someMethod(any(), "raw String");
When using matchers, all arguments have to be provided by matchers.
For example:
    //correct:
    someMethod(any(), eq("String by matcher"));

For more info see javadoc for Matchers class.

	at com.taxifleet.services.BookingServiceTest.testDispatchBookingWithValidStrategy(BookingServiceTest.java:44)
]]></error>
  </testcase>
</testsuite>